<?xml version="1.0" encoding="UTF-8"?>
<!-- Generated by org.testng.reporters.JUnitReportReporter -->
<testsuite hostname="MSI" failures="0" tests="1" name="com.example.testng.Delete" time="6.752" errors="0" timestamp="2022-10-13T14:46:53 IST" skipped="0">
  <testcase classname="com.example.testng.Delete" name="delete" time="6.752"/>
  <system-out/>
</testsuite> <!-- com.example.testng.Delete -->
