<?xml version="1.0" encoding="UTF-8"?>
<!-- Generated by org.testng.reporters.JUnitReportReporter -->
<testsuite hostname="MSI" failures="0" tests="1" name="com.example.testng.Registration" time="9.706" errors="0" timestamp="2022-10-13T14:44:58 IST" skipped="0">
  <testcase classname="com.example.testng.Registration" name="registration" time="9.706"/>
  <system-out/>
</testsuite> <!-- com.example.testng.Registration -->
