<?xml version="1.0" encoding="UTF-8"?>
<!-- Generated by org.testng.reporters.JUnitReportReporter -->
<testsuite hostname="MSI" failures="0" tests="1" name="com.example.testng.Update" time="6.852" errors="0" timestamp="2022-10-13T14:48:14 IST" skipped="0">
  <testcase classname="com.example.testng.Update" name="update" time="6.852"/>
  <system-out/>
</testsuite> <!-- com.example.testng.Update -->
