<?xml version="1.0" encoding="UTF-8"?>
<!-- Generated by org.testng.reporters.JUnitReportReporter -->
<testsuite hostname="MSI" failures="0" tests="1" name="com.simplileaern.testng.FacebookLogin" time="4.327" errors="0" timestamp="2022-09-30T09:37:22 IST" skipped="0">
  <testcase classname="com.simplileaern.testng.FacebookLogin" name="facebook" time="4.327"/>
  <system-out/>
</testsuite> <!-- com.simplileaern.testng.FacebookLogin -->
