<?xml version="1.0" encoding="UTF-8"?>
<!-- Generated by org.testng.reporters.JUnitReportReporter -->
<testsuite hostname="MSI" failures="0" tests="1" name="com.simplileaern.testng.AssertionExample" time="4.287" errors="0" timestamp="2022-09-28T12:58:10 IST" skipped="0">
  <testcase classname="com.simplileaern.testng.AssertionExample" name="TitleTest" time="4.287"/>
  <system-out/>
</testsuite> <!-- com.simplileaern.testng.AssertionExample -->
