<?xml version="1.0" encoding="UTF-8"?>
<!-- Generated by org.testng.reporters.JUnitReportReporter -->
<testsuite hostname="MSI" failures="0" tests="2" name="com.simplileaern.testng.FirstDemo" time="0.005" errors="0" timestamp="2022-09-28T12:58:10 IST" skipped="0">
  <testcase classname="com.simplileaern.testng.FirstDemo" name="Hello" time="0.002"/>
  <system-out/>
  <testcase classname="com.simplileaern.testng.FirstDemo" name="Hello1" time="0.003"/>
  <system-out/>
</testsuite> <!-- com.simplileaern.testng.FirstDemo -->
