<?xml version="1.0" encoding="UTF-8"?>
<!-- Generated by org.testng.reporters.JUnitReportReporter -->
<testsuite hostname="MSI" failures="0" tests="2" name="com.simplileaern.testng.GroupTest" time="5.744" errors="0" timestamp="2022-09-28T12:58:10 IST" skipped="0">
  <testcase classname="com.simplileaern.testng.GroupTest" name="launchChrome" time="5.369"/>
  <system-out/>
  <testcase classname="com.simplileaern.testng.GroupTest" name="loginWithChrome" time="0.375"/>
  <system-out/>
</testsuite> <!-- com.simplileaern.testng.GroupTest -->
