<?xml version="1.0" encoding="UTF-8"?>
<!-- Generated by org.testng.reporters.JUnitReportReporter -->
<testsuite hostname="MSI" failures="0" tests="2" name="com.simplileaern.testng.GroupTest" time="8.678" errors="0" timestamp="2022-09-29T11:07:18 IST" skipped="0">
  <testcase classname="com.simplileaern.testng.GroupTest" name="launchChrome" time="8.457"/>
  <system-out/>
  <testcase classname="com.simplileaern.testng.GroupTest" name="loginWithChrome" time="0.221"/>
  <system-out/>
</testsuite> <!-- com.simplileaern.testng.GroupTest -->
